[Tue Feb 13 08:57:56.825934 2018] [ssl:warn] [pid 6973] AH01906: rts.lh:443:0 server certificate is a CA certificate (BasicConstraints: CA == TRUE !?)
[Tue Feb 13 08:57:56.851610 2018] [ssl:warn] [pid 7067] AH01906: rts.lh:443:0 server certificate is a CA certificate (BasicConstraints: CA == TRUE !?)
[Tue Feb 13 08:58:03.581446 2018] [ssl:warn] [pid 7058] AH01906: rts.lh:443:0 server certificate is a CA certificate (BasicConstraints: CA == TRUE !?)
[Tue Feb 13 08:58:03.623618 2018] [ssl:warn] [pid 7074] AH01906: rts.lh:443:0 server certificate is a CA certificate (BasicConstraints: CA == TRUE !?)
[Tue Feb 13 08:58:24.932708 2018] [ssl:warn] [pid 7132] AH01906: rts.lh:443:0 server certificate is a CA certificate (BasicConstraints: CA == TRUE !?)
[Tue Feb 13 08:58:24.960039 2018] [ssl:warn] [pid 7139] AH01906: rts.lh:443:0 server certificate is a CA certificate (BasicConstraints: CA == TRUE !?)
[Thu Feb 15 08:21:36.495717 2018] [ssl:warn] [pid 1911] AH01906: rts.lh:443:0 server certificate is a CA certificate (BasicConstraints: CA == TRUE !?)
[Thu Feb 15 08:21:36.570789 2018] [ssl:warn] [pid 11073] AH01906: rts.lh:443:0 server certificate is a CA certificate (BasicConstraints: CA == TRUE !?)
[Sat Feb 17 17:25:09.720524 2018] [ssl:warn] [pid 30604] AH01906: rts.lh:443:0 server certificate is a CA certificate (BasicConstraints: CA == TRUE !?)
[Sat Feb 17 17:25:19.898345 2018] [ssl:warn] [pid 30406] AH01906: rts.lh:443:0 server certificate is a CA certificate (BasicConstraints: CA == TRUE !?)
[Sat Feb 17 17:25:19.928282 2018] [ssl:warn] [pid 30839] AH01906: rts.lh:443:0 server certificate is a CA certificate (BasicConstraints: CA == TRUE !?)
[Wed Feb 21 08:46:42.040260 2018] [ssl:warn] [pid 1980] AH01906: rts.lh:443:0 server certificate is a CA certificate (BasicConstraints: CA == TRUE !?)
[Wed Feb 21 08:46:42.132131 2018] [ssl:warn] [pid 8589] AH01906: rts.lh:443:0 server certificate is a CA certificate (BasicConstraints: CA == TRUE !?)
[Fri Feb 23 08:26:42.982369 2018] [ssl:warn] [pid 1936] AH01906: rts.lh:443:0 server certificate is a CA certificate (BasicConstraints: CA == TRUE !?)
[Fri Feb 23 08:26:43.019569 2018] [ssl:warn] [pid 5977] AH01906: rts.lh:443:0 server certificate is a CA certificate (BasicConstraints: CA == TRUE !?)
[Sat Feb 24 18:36:19.921219 2018] [ssl:warn] [pid 1813] AH01906: rts.lh:443:0 server certificate is a CA certificate (BasicConstraints: CA == TRUE !?)
[Sat Feb 24 18:36:19.958925 2018] [ssl:warn] [pid 16133] AH01906: rts.lh:443:0 server certificate is a CA certificate (BasicConstraints: CA == TRUE !?)
[Sat Feb 24 18:36:25.538941 2018] [ssl:warn] [pid 16124] AH01906: rts.lh:443:0 server certificate is a CA certificate (BasicConstraints: CA == TRUE !?)
[Sat Feb 24 18:36:25.568120 2018] [ssl:warn] [pid 17277] AH01906: rts.lh:443:0 server certificate is a CA certificate (BasicConstraints: CA == TRUE !?)
[Sat Feb 24 21:25:08.860226 2018] [ssl:warn] [pid 1798] AH01906: rts.lh:443:0 server certificate is a CA certificate (BasicConstraints: CA == TRUE !?)
[Sat Feb 24 21:25:08.946296 2018] [ssl:warn] [pid 14693] AH01906: rts.lh:443:0 server certificate is a CA certificate (BasicConstraints: CA == TRUE !?)
